[0m22:06:22.114192 [debug] [MainThread]: Sending event: {'category': 'dbt', 'action': 'invocation', 'label': 'start', 'context': [<snowplow_tracker.self_describing_json.SelfDescribingJson object at 0x7fe48925b490>, <snowplow_tracker.self_describing_json.SelfDescribingJson object at 0x7fe46848f3a0>, <snowplow_tracker.self_describing_json.SelfDescribingJson object at 0x7fe46848fee0>]}


============================== 22:06:22.120222 | 951ba5e3-6766-4172-91f2-138732d3e447 ==============================
[0m22:06:22.120222 [info ] [MainThread]: Running with dbt=1.8.6
[0m22:06:22.120748 [debug] [MainThread]: running dbt with arguments {'printer_width': '80', 'indirect_selection': 'eager', 'log_cache_events': 'False', 'write_json': 'True', 'partial_parse': 'True', 'cache_selected_only': 'False', 'profiles_dir': '/Users/dellacorte/.dbt', 'fail_fast': 'False', 'version_check': 'True', 'log_path': 'logs', 'debug': 'False', 'warn_error': 'None', 'use_colors': 'True', 'use_experimental_parser': 'False', 'empty': 'None', 'quiet': 'False', 'no_print': 'None', 'log_format': 'default', 'introspect': 'True', 'static_parser': 'True', 'warn_error_options': 'WarnErrorOptions(include=[], exclude=[])', 'target_path': 'None', 'invocation_command': 'dbt init', 'send_anonymous_usage_stats': 'True'}
[0m22:06:22.131706 [warn ] [MainThread]: [ConfigFolderDirectory]: Unable to parse dict {'dir': PosixPath('/Users/dellacorte/.dbt')}
[0m22:06:22.132178 [info ] [MainThread]: Creating dbt configuration folder at 
[0m22:07:31.631452 [debug] [MainThread]: Starter project path: /Users/dellacorte/opt/anaconda3/lib/python3.9/site-packages/dbt/include/starter_project
[0m22:07:31.655038 [info ] [MainThread]: 
Your new dbt project "datawarehouseBlackFriday" was created!

For more information on how to configure the profiles.yml file,
please consult the dbt documentation here:

  https://docs.getdbt.com/docs/configure-your-profile

One more thing:

Need help? Don't hesitate to reach out to us via GitHub issues or on Slack:

  https://community.getdbt.com/

Happy modeling!

[0m22:07:31.657030 [info ] [MainThread]: Setting up your profile.
[0m22:09:42.589334 [info ] [MainThread]: Profile datawarehouseBlackFriday written to /Users/dellacorte/.dbt/profiles.yml using target's profile_template.yml and your supplied values. Run 'dbt debug' to validate the connection.
[0m22:09:42.679637 [debug] [MainThread]: Resource report: {"command_name": "init", "command_success": true, "command_wall_clock_time": 200.64502, "process_user_time": 0.940018, "process_kernel_time": 0.559029, "process_mem_max_rss": "84213760", "process_in_blocks": "0", "process_out_blocks": "0"}
[0m22:09:42.685522 [debug] [MainThread]: Command `dbt init` succeeded at 22:09:42.682644 after 200.65 seconds
[0m22:09:42.687737 [debug] [MainThread]: Sending event: {'category': 'dbt', 'action': 'invocation', 'label': 'end', 'context': [<snowplow_tracker.self_describing_json.SelfDescribingJson object at 0x7fe48925b490>, <snowplow_tracker.self_describing_json.SelfDescribingJson object at 0x7fe468447460>, <snowplow_tracker.self_describing_json.SelfDescribingJson object at 0x7fe468447700>]}
[0m22:09:42.690418 [debug] [MainThread]: Flushing usage events
